<?xml version="1.0" encoding="UTF-8"?>
<coverage generated="1784307605807" clover="3.2.0">
  <project timestamp="1784307605807" name="All files">
    <metrics statements="106" coveredstatements="105" conditionals="66" coveredconditionals="54" methods="21" coveredmethods="21" elements="193" coveredelements="180" complexity="0" loc="106" ncloc="106" packages="2" files="6" classes="6"/>
    <package name="features.reader">
      <metrics statements="7" coveredstatements="7" conditionals="2" coveredconditionals="1" methods="1" coveredmethods="1"/>
      <file name="readerHtml.ts" path="C:\Users\hpc09\Desktop\Projects\book-app\bookbrain\features\reader\readerHtml.ts">
        <metrics statements="7" coveredstatements="7" conditionals="2" coveredconditionals="1" methods="1" coveredmethods="1"/>
        <line num="15" count="1" type="stmt"/>
        <line num="23" count="1" type="stmt"/>
        <line num="35" count="1" type="stmt"/>
        <line num="36" count="1" type="cond" truecount="1" falsecount="1"/>
        <line num="37" count="1" type="stmt"/>
        <line num="38" count="1" type="stmt"/>
        <line num="40" count="1" type="stmt"/>
      </file>
    </package>
    <package name="services">
      <metrics statements="99" coveredstatements="98" conditionals="64" coveredconditionals="53" methods="20" coveredmethods="20"/>
      <file name="bookFiles.ts" path="C:\Users\hpc09\Desktop\Projects\book-app\bookbrain\services\bookFiles.ts">
        <metrics statements="4" coveredstatements="4" conditionals="0" coveredconditionals="0" methods="4" coveredmethods="4"/>
        <line num="24" count="11" type="stmt"/>
        <line num="33" count="3" type="stmt"/>
        <line num="46" count="8" type="stmt"/>
        <line num="55" count="7" type="stmt"/>
      </file>
      <file name="contentHash.ts" path="C:\Users\hpc09\Desktop\Projects\book-app\bookbrain\services\contentHash.ts">
        <metrics statements="12" coveredstatements="12" conditionals="8" coveredconditionals="7" methods="2" coveredmethods="2"/>
        <line num="19" count="1" type="stmt"/>
        <line num="27" count="10" type="stmt"/>
        <line num="42" count="8" type="stmt"/>
        <line num="43" count="8" type="cond" truecount="4" falsecount="0"/>
        <line num="44" count="6" type="cond" truecount="1" falsecount="1"/>
        <line num="46" count="6" type="stmt"/>
        <line num="52" count="6" type="stmt"/>
        <line num="53" count="6" type="cond" truecount="2" falsecount="0"/>
        <line num="54" count="2" type="stmt"/>
        <line num="55" count="2" type="stmt"/>
        <line num="62" count="6" type="stmt"/>
        <line num="66" count="6" type="stmt"/>
      </file>
      <file name="epubPathsMigration.ts" path="C:\Users\hpc09\Desktop\Projects\book-app\bookbrain\services\epubPathsMigration.ts">
        <metrics statements="55" coveredstatements="54" conditionals="29" coveredconditionals="26" methods="8" coveredmethods="8"/>
        <line num="31" count="1" type="stmt"/>
        <line num="32" count="1" type="stmt"/>
        <line num="46" count="11" type="stmt"/>
        <line num="50" count="11" type="stmt"/>
        <line num="54" count="9" type="stmt"/>
        <line num="61" count="20" type="stmt"/>
        <line num="62" count="20" type="stmt"/>
        <line num="63" count="20" type="cond" truecount="2" falsecount="0"/>
        <line num="65" count="0" type="stmt"/>
        <line num="70" count="10" type="stmt"/>
        <line num="71" count="10" type="stmt"/>
        <line num="72" count="10" type="stmt"/>
        <line num="76" count="9" type="stmt"/>
        <line num="80" count="9" type="stmt"/>
        <line num="85" count="5" type="stmt"/>
        <line num="86" count="5" type="cond" truecount="2" falsecount="0"/>
        <line num="87" count="4" type="stmt"/>
        <line num="88" count="4" type="cond" truecount="1" falsecount="1"/>
        <line num="89" count="4" type="stmt"/>
        <line num="90" count="4" type="stmt"/>
        <line num="91" count="3" type="stmt"/>
        <line num="99" count="9" type="cond" truecount="2" falsecount="0"/>
        <line num="100" count="1" type="stmt"/>
        <line num="101" count="1" type="stmt"/>
        <line num="104" count="8" type="cond" truecount="2" falsecount="0"/>
        <line num="105" count="1" type="stmt"/>
        <line num="106" count="1" type="stmt"/>
        <line num="109" count="7" type="cond" truecount="2" falsecount="0"/>
        <line num="111" count="1" type="stmt"/>
        <line num="118" count="1" type="stmt"/>
        <line num="119" count="1" type="stmt"/>
        <line num="122" count="6" type="stmt"/>
        <line num="123" count="6" type="cond" truecount="4" falsecount="0"/>
        <line num="124" count="5" type="stmt"/>
        <line num="125" count="4" type="stmt"/>
        <line num="126" count="4" type="stmt"/>
        <line num="133" count="4" type="stmt"/>
        <line num="136" count="1" type="stmt"/>
        <line num="143" count="1" type="stmt"/>
        <line num="152" count="11" type="stmt"/>
        <line num="161" count="11" type="cond" truecount="2" falsecount="0"/>
        <line num="162" count="1" type="stmt"/>
        <line num="163" count="1" type="stmt"/>
        <line num="166" count="10" type="stmt"/>
        <line num="167" count="10" type="stmt"/>
        <line num="168" count="11" type="stmt"/>
        <line num="169" count="11" type="stmt"/>
        <line num="170" count="11" type="cond" truecount="5" falsecount="0"/>
        <line num="171" count="2" type="stmt"/>
        <line num="173" count="9" type="stmt"/>
        <line num="175" count="10" type="stmt"/>
        <line num="177" count="1" type="stmt"/>
        <line num="181" count="10" type="cond" truecount="2" falsecount="0"/>
        <line num="182" count="9" type="stmt"/>
        <line num="184" count="10" type="stmt"/>
      </file>
      <file name="fileValidation.ts" path="C:\Users\hpc09\Desktop\Projects\book-app\bookbrain\services\fileValidation.ts">
        <metrics statements="9" coveredstatements="9" conditionals="10" coveredconditionals="8" methods="3" coveredmethods="3"/>
        <line num="12" count="2" type="stmt"/>
        <line num="19" count="15" type="cond" truecount="1" falsecount="1"/>
        <line num="20" count="15" type="stmt"/>
        <line num="21" count="15" type="cond" truecount="2" falsecount="0"/>
        <line num="22" count="10" type="stmt"/>
        <line num="27" count="7" type="cond" truecount="2" falsecount="0"/>
        <line num="32" count="10" type="cond" truecount="1" falsecount="1"/>
        <line num="35" count="10" type="stmt"/>
        <line num="36" count="10" type="cond" truecount="2" falsecount="0"/>
      </file>
      <file name="importBook.ts" path="C:\Users\hpc09\Desktop\Projects\book-app\bookbrain\services\importBook.ts">
        <metrics statements="19" coveredstatements="19" conditionals="17" coveredconditionals="12" methods="3" coveredmethods="3"/>
        <line num="22" count="3" type="cond" truecount="1" falsecount="1"/>
        <line num="31" count="5" type="stmt"/>
        <line num="32" count="5" type="cond" truecount="2" falsecount="0"/>
        <line num="33" count="4" type="cond" truecount="2" falsecount="0"/>
        <line num="34" count="1" type="stmt"/>
        <line num="37" count="3" type="stmt"/>
        <line num="38" count="3" type="stmt"/>
        <line num="40" count="3" type="cond" truecount="1" falsecount="1"/>
        <line num="41" count="3" type="stmt"/>
        <line num="42" count="3" type="cond" truecount="2" falsecount="0"/>
        <line num="43" count="1" type="stmt"/>
        <line num="47" count="2" type="stmt"/>
        <line num="51" count="2" type="stmt"/>
        <line num="53" count="2" type="stmt"/>
        <line num="59" count="2" type="stmt"/>
        <line num="67" count="2" type="stmt"/>
        <line num="72" count="3" type="stmt"/>
        <line num="73" count="3" type="cond" truecount="2" falsecount="0"/>
        <line num="74" count="2" type="stmt"/>
      </file>
    </package>
  </project>
</coverage>
