{"C:\\Users\\hpc09\\Desktop\\Projects\\book-app\\bookbrain\\features\\reader\\readerHtml.ts": {"path":"C:\\Users\\hpc09\\Desktop\\Projects\\book-app\\bookbrain\\features\\reader\\readerHtml.ts","statementMap":{"0":{"start":{"line":15,"column":48},"end":{"line":21,"column":1}},"1":{"start":{"line":23,"column":45},"end":{"line":28,"column":1}},"2":{"start":{"line":35,"column":22},"end":{"line":35,"column":45}},"3":{"start":{"line":36,"column":22},"end":{"line":36,"column":70}},"4":{"start":{"line":37,"column":22},"end":{"line":37,"column":45}},"5":{"start":{"line":38,"column":22},"end":{"line":38,"column":46}},"6":{"start":{"line":40,"column":2},"end":{"line":291,"column":16}}},"fnMap":{"0":{"name":"buildReaderHtml","decl":{"start":{"line":30,"column":16},"end":{"line":30,"column":31}},"loc":{"start":{"line":34,"column":10},"end":{"line":292,"column":1}},"line":34}},"branchMap":{"0":{"loc":{"start":{"line":36,"column":22},"end":{"line":36,"column":70}},"type":"cond-expr","locations":[{"start":{"line":36,"column":35},"end":{"line":36,"column":61}},{"start":{"line":36,"column":64},"end":{"line":36,"column":70}}],"line":36}},"s":{"0":1,"1":1,"2":1,"3":1,"4":1,"5":1,"6":1},"f":{"0":1},"b":{"0":[0,1]},"_coverageSchema":"1a1c01bbd47fc00a2c39e90264f33305004495a9","hash":"7caeee7eadcb007ea190bc0eb2d855c89f31d374"}
,"C:\\Users\\hpc09\\Desktop\\Projects\\book-app\\bookbrain\\services\\bookFiles.ts": {"path":"C:\\Users\\hpc09\\Desktop\\Projects\\book-app\\bookbrain\\services\\bookFiles.ts","statementMap":{"0":{"start":{"line":24,"column":2},"end":{"line":27,"column":4}},"1":{"start":{"line":33,"column":2},"end":{"line":36,"column":4}},"2":{"start":{"line":46,"column":2},"end":{"line":50,"column":4}},"3":{"start":{"line":55,"column":2},"end":{"line":55,"column":40}}},"fnMap":{"0":{"name":"getFileForBook","decl":{"start":{"line":21,"column":22},"end":{"line":21,"column":36}},"loc":{"start":{"line":23,"column":31},"end":{"line":28,"column":1}},"line":23},"1":{"name":"findFileByHash","decl":{"start":{"line":30,"column":22},"end":{"line":30,"column":36}},"loc":{"start":{"line":32,"column":31},"end":{"line":37,"column":1}},"line":32},"2":{"name":"insertBookFile","decl":{"start":{"line":39,"column":22},"end":{"line":39,"column":36}},"loc":{"start":{"line":45,"column":18},"end":{"line":51,"column":1}},"line":45},"3":{"name":"isRemotePath","decl":{"start":{"line":54,"column":16},"end":{"line":54,"column":28}},"loc":{"start":{"line":54,"column":56},"end":{"line":56,"column":1}},"line":54}},"branchMap":{},"s":{"0":11,"1":3,"2":8,"3":7},"f":{"0":11,"1":3,"2":8,"3":7},"b":{},"_coverageSchema":"1a1c01bbd47fc00a2c39e90264f33305004495a9","hash":"e5fa9edf50de3b1c2777a0411c4befb7f19dc5ea"}
,"C:\\Users\\hpc09\\Desktop\\Projects\\book-app\\bookbrain\\services\\contentHash.ts": {"path":"C:\\Users\\hpc09\\Desktop\\Projects\\book-app\\bookbrain\\services\\contentHash.ts","statementMap":{"0":{"start":{"line":19,"column":32},"end":{"line":19,"column":43}},"1":{"start":{"line":27,"column":2},"end":{"line":27,"column":41}},"2":{"start":{"line":42,"column":15},"end":{"line":42,"column":49}},"3":{"start":{"line":43,"column":2},"end":{"line":43,"column":52}},"4":{"start":{"line":43,"column":40},"end":{"line":43,"column":52}},"5":{"start":{"line":44,"column":15},"end":{"line":44,"column":29}},"6":{"start":{"line":46,"column":15},"end":{"line":50,"column":4}},"7":{"start":{"line":52,"column":13},"end":{"line":52,"column":15}},"8":{"start":{"line":53,"column":2},"end":{"line":60,"column":3}},"9":{"start":{"line":54,"column":22},"end":{"line":54,"column":73}},"10":{"start":{"line":55,"column":4},"end":{"line":59,"column":7}},"11":{"start":{"line":62,"column":15},"end":{"line":65,"column":3}},"12":{"start":{"line":66,"column":2},"end":{"line":66,"column":24}}},"fnMap":{"0":{"name":"composeHashInput","decl":{"start":{"line":22,"column":16},"end":{"line":22,"column":32}},"loc":{"start":{"line":26,"column":10},"end":{"line":28,"column":1}},"line":26},"1":{"name":"hashFile","decl":{"start":{"line":41,"column":22},"end":{"line":41,"column":30}},"loc":{"start":{"line":41,"column":70},"end":{"line":67,"column":1}},"line":41}},"branchMap":{"0":{"loc":{"start":{"line":43,"column":2},"end":{"line":43,"column":52}},"type":"if","locations":[{"start":{"line":43,"column":2},"end":{"line":43,"column":52}},{"start":{},"end":{}}],"line":43},"1":{"loc":{"start":{"line":43,"column":6},"end":{"line":43,"column":38}},"type":"binary-expr","locations":[{"start":{"line":43,"column":6},"end":{"line":43,"column":18}},{"start":{"line":43,"column":22},"end":{"line":43,"column":38}}],"line":43},"2":{"loc":{"start":{"line":44,"column":15},"end":{"line":44,"column":29}},"type":"binary-expr","locations":[{"start":{"line":44,"column":15},"end":{"line":44,"column":24}},{"start":{"line":44,"column":28},"end":{"line":44,"column":29}}],"line":44},"3":{"loc":{"start":{"line":53,"column":2},"end":{"line":60,"column":3}},"type":"if","locations":[{"start":{"line":53,"column":2},"end":{"line":60,"column":3}},{"start":{},"end":{}}],"line":53}},"s":{"0":1,"1":10,"2":8,"3":8,"4":2,"5":6,"6":6,"7":6,"8":6,"9":2,"10":2,"11":6,"12":6},"f":{"0":10,"1":8},"b":{"0":[2,6],"1":[8,7],"2":[6,0],"3":[2,4]},"_coverageSchema":"1a1c01bbd47fc00a2c39e90264f33305004495a9","hash":"d5afbff19b9c6da3f4971c381db763d1e813bcb2"}
,"C:\\Users\\hpc09\\Desktop\\Projects\\book-app\\bookbrain\\services\\epubPathsMigration.ts": {"path":"C:\\Users\\hpc09\\Desktop\\Projects\\book-app\\bookbrain\\services\\epubPathsMigration.ts","statementMap":{"0":{"start":{"line":31,"column":18},"end":{"line":31,"column":30}},"1":{"start":{"line":32,"column":20},"end":{"line":32,"column":41}},"2":{"start":{"line":46,"column":14},"end":{"line":49,"column":3}},"3":{"start":{"line":50,"column":2},"end":{"line":50,"column":28}},"4":{"start":{"line":54,"column":2},"end":{"line":57,"column":4}},"5":{"start":{"line":61,"column":2},"end":{"line":66,"column":3}},"6":{"start":{"line":62,"column":16},"end":{"line":62,"column":53}},"7":{"start":{"line":63,"column":4},"end":{"line":63,"column":55}},"8":{"start":{"line":65,"column":4},"end":{"line":65,"column":14}},"9":{"start":{"line":70,"column":14},"end":{"line":70,"column":29}},"10":{"start":{"line":71,"column":2},"end":{"line":71,"column":18}},"11":{"start":{"line":72,"column":2},"end":{"line":72,"column":61}},"12":{"start":{"line":76,"column":14},"end":{"line":79,"column":3}},"13":{"start":{"line":80,"column":2},"end":{"line":80,"column":21}},"14":{"start":{"line":85,"column":19},"end":{"line":85,"column":58}},"15":{"start":{"line":86,"column":2},"end":{"line":86,"column":43}},"16":{"start":{"line":86,"column":32},"end":{"line":86,"column":43}},"17":{"start":{"line":87,"column":2},"end":{"line":87,"column":73}},"18":{"start":{"line":88,"column":15},"end":{"line":88,"column":71}},"19":{"start":{"line":89,"column":15},"end":{"line":89,"column":35}},"20":{"start":{"line":90,"column":2},"end":{"line":90,"column":54}},"21":{"start":{"line":91,"column":2},"end":{"line":91,"column":14}},"22":{"start":{"line":99,"column":2},"end":{"line":102,"column":3}},"23":{"start":{"line":100,"column":4},"end":{"line":100,"column":22}},"24":{"start":{"line":101,"column":4},"end":{"line":101,"column":11}},"25":{"start":{"line":104,"column":2},"end":{"line":107,"column":3}},"26":{"start":{"line":105,"column":4},"end":{"line":105,"column":22}},"27":{"start":{"line":106,"column":4},"end":{"line":106,"column":11}},"28":{"start":{"line":109,"column":2},"end":{"line":120,"column":3}},"29":{"start":{"line":111,"column":4},"end":{"line":117,"column":7}},"30":{"start":{"line":118,"column":4},"end":{"line":118,"column":20}},"31":{"start":{"line":119,"column":4},"end":{"line":119,"column":11}},"32":{"start":{"line":122,"column":15},"end":{"line":122,"column":49}},"33":{"start":{"line":123,"column":2},"end":{"line":144,"column":3}},"34":{"start":{"line":124,"column":19},"end":{"line":124,"column":46}},"35":{"start":{"line":125,"column":19},"end":{"line":125,"column":41}},"36":{"start":{"line":126,"column":4},"end":{"line":132,"column":7}},"37":{"start":{"line":133,"column":4},"end":{"line":133,"column":22}},"38":{"start":{"line":136,"column":4},"end":{"line":142,"column":7}},"39":{"start":{"line":143,"column":4},"end":{"line":143,"column":21}},"40":{"start":{"line":152,"column":34},"end":{"line":159,"column":3}},"41":{"start":{"line":161,"column":2},"end":{"line":164,"column":3}},"42":{"start":{"line":162,"column":4},"end":{"line":162,"column":26}},"43":{"start":{"line":163,"column":4},"end":{"line":163,"column":18}},"44":{"start":{"line":166,"column":14},"end":{"line":166,"column":29}},"45":{"start":{"line":167,"column":2},"end":{"line":179,"column":3}},"46":{"start":{"line":168,"column":19},"end":{"line":168,"column":30}},"47":{"start":{"line":169,"column":4},"end":{"line":178,"column":5}},"48":{"start":{"line":170,"column":6},"end":{"line":174,"column":7}},"49":{"start":{"line":171,"column":8},"end":{"line":171,"column":26}},"50":{"start":{"line":173,"column":8},"end":{"line":173,"column":48}},"51":{"start":{"line":175,"column":6},"end":{"line":175,"column":27}},"52":{"start":{"line":177,"column":6},"end":{"line":177,"column":22}},"53":{"start":{"line":181,"column":2},"end":{"line":183,"column":3}},"54":{"start":{"line":182,"column":4},"end":{"line":182,"column":21}},"55":{"start":{"line":184,"column":2},"end":{"line":184,"column":16}}},"fnMap":{"0":{"name":"isDone","decl":{"start":{"line":45,"column":15},"end":{"line":45,"column":21}},"loc":{"start":{"line":45,"column":42},"end":{"line":51,"column":1}},"line":45},"1":{"name":"markDone","decl":{"start":{"line":53,"column":15},"end":{"line":53,"column":23}},"loc":{"start":{"line":53,"column":41},"end":{"line":58,"column":1}},"line":53},"2":{"name":"readMap","decl":{"start":{"line":60,"column":15},"end":{"line":60,"column":22}},"loc":{"start":{"line":60,"column":47},"end":{"line":67,"column":1}},"line":60},"3":{"name":"removeKey","decl":{"start":{"line":69,"column":15},"end":{"line":69,"column":24}},"loc":{"start":{"line":69,"column":53},"end":{"line":73,"column":1}},"line":69},"4":{"name":"bookExists","decl":{"start":{"line":75,"column":15},"end":{"line":75,"column":25}},"loc":{"start":{"line":75,"column":60},"end":{"line":81,"column":1}},"line":75},"5":{"name":"ensureInBooksDir","decl":{"start":{"line":84,"column":15},"end":{"line":84,"column":31}},"loc":{"start":{"line":84,"column":62},"end":{"line":92,"column":1}},"line":84},"6":{"name":"migrateEntry","decl":{"start":{"line":94,"column":15},"end":{"line":94,"column":27}},"loc":{"start":{"line":98,"column":17},"end":{"line":145,"column":1}},"line":98},"7":{"name":"migrateEpubPaths","decl":{"start":{"line":151,"column":22},"end":{"line":151,"column":38}},"loc":{"start":{"line":151,"column":67},"end":{"line":185,"column":1}},"line":151}},"branchMap":{"0":{"loc":{"start":{"line":63,"column":11},"end":{"line":63,"column":54}},"type":"cond-expr","locations":[{"start":{"line":63,"column":18},"end":{"line":63,"column":48}},{"start":{"line":63,"column":52},"end":{"line":63,"column":54}}],"line":63},"1":{"loc":{"start":{"line":86,"column":2},"end":{"line":86,"column":43}},"type":"if","locations":[{"start":{"line":86,"column":2},"end":{"line":86,"column":43}},{"start":{},"end":{}}],"line":86},"2":{"loc":{"start":{"line":88,"column":31},"end":{"line":88,"column":70}},"type":"binary-expr","locations":[{"start":{"line":88,"column":31},"end":{"line":88,"column":55}},{"start":{"line":88,"column":59},"end":{"line":88,"column":70}}],"line":88},"3":{"loc":{"start":{"line":99,"column":2},"end":{"line":102,"column":3}},"type":"if","locations":[{"start":{"line":99,"column":2},"end":{"line":102,"column":3}},{"start":{},"end":{}}],"line":99},"4":{"loc":{"start":{"line":104,"column":2},"end":{"line":107,"column":3}},"type":"if","locations":[{"start":{"line":104,"column":2},"end":{"line":107,"column":3}},{"start":{},"end":{}}],"line":104},"5":{"loc":{"start":{"line":109,"column":2},"end":{"line":120,"column":3}},"type":"if","locations":[{"start":{"line":109,"column":2},"end":{"line":120,"column":3}},{"start":{},"end":{}}],"line":109},"6":{"loc":{"start":{"line":123,"column":2},"end":{"line":144,"column":3}},"type":"if","locations":[{"start":{"line":123,"column":2},"end":{"line":144,"column":3}},{"start":{"line":134,"column":9},"end":{"line":144,"column":3}}],"line":123},"7":{"loc":{"start":{"line":123,"column":6},"end":{"line":123,"column":38}},"type":"binary-expr","locations":[{"start":{"line":123,"column":6},"end":{"line":123,"column":17}},{"start":{"line":123,"column":21},"end":{"line":123,"column":38}}],"line":123},"8":{"loc":{"start":{"line":130,"column":17},"end":{"line":130,"column":37}},"type":"binary-expr","locations":[{"start":{"line":130,"column":17},"end":{"line":130,"column":29}},{"start":{"line":130,"column":33},"end":{"line":130,"column":37}}],"line":130},"9":{"loc":{"start":{"line":131,"column":20},"end":{"line":131,"column":40}},"type":"binary-expr","locations":[{"start":{"line":131,"column":20},"end":{"line":131,"column":32}},{"start":{"line":131,"column":36},"end":{"line":131,"column":40}}],"line":131},"10":{"loc":{"start":{"line":161,"column":2},"end":{"line":164,"column":3}},"type":"if","locations":[{"start":{"line":161,"column":2},"end":{"line":164,"column":3}},{"start":{},"end":{}}],"line":161},"11":{"loc":{"start":{"line":170,"column":6},"end":{"line":174,"column":7}},"type":"if","locations":[{"start":{"line":170,"column":6},"end":{"line":174,"column":7}},{"start":{"line":172,"column":13},"end":{"line":174,"column":7}}],"line":170},"12":{"loc":{"start":{"line":170,"column":10},"end":{"line":170,"column":70}},"type":"binary-expr","locations":[{"start":{"line":170,"column":10},"end":{"line":170,"column":35}},{"start":{"line":170,"column":39},"end":{"line":170,"column":62}},{"start":{"line":170,"column":66},"end":{"line":170,"column":70}}],"line":170},"13":{"loc":{"start":{"line":181,"column":2},"end":{"line":183,"column":3}},"type":"if","locations":[{"start":{"line":181,"column":2},"end":{"line":183,"column":3}},{"start":{},"end":{}}],"line":181}},"s":{"0":1,"1":1,"2":11,"3":11,"4":9,"5":20,"6":20,"7":20,"8":0,"9":10,"10":10,"11":10,"12":9,"13":9,"14":5,"15":5,"16":1,"17":4,"18":4,"19":4,"20":4,"21":3,"22":9,"23":1,"24":1,"25":8,"26":1,"27":1,"28":7,"29":1,"30":1,"31":1,"32":6,"33":6,"34":5,"35":4,"36":4,"37":4,"38":1,"39":1,"40":11,"41":11,"42":1,"43":1,"44":10,"45":10,"46":11,"47":11,"48":11,"49":2,"50":9,"51":10,"52":1,"53":10,"54":9,"55":10},"f":{"0":11,"1":9,"2":20,"3":10,"4":9,"5":5,"6":9,"7":11},"b":{"0":[19,1],"1":[1,4],"2":[4,0],"3":[1,8],"4":[1,7],"5":[1,6],"6":[5,1],"7":[6,5],"8":[4,0],"9":[4,0],"10":[1,10],"11":[2,9],"12":[11,10,10],"13":[9,1]},"_coverageSchema":"1a1c01bbd47fc00a2c39e90264f33305004495a9","hash":"cf11f91d8c3beee4d43d8759c9229897e63da2f8"}
,"C:\\Users\\hpc09\\Desktop\\Projects\\book-app\\bookbrain\\services\\fileValidation.ts": {"path":"C:\\Users\\hpc09\\Desktop\\Projects\\book-app\\bookbrain\\services\\fileValidation.ts","statementMap":{"0":{"start":{"line":12,"column":47},"end":{"line":15,"column":1}},"1":{"start":{"line":19,"column":15},"end":{"line":19,"column":46}},"2":{"start":{"line":20,"column":14},"end":{"line":20,"column":35}},"3":{"start":{"line":21,"column":2},"end":{"line":21,"column":26}},"4":{"start":{"line":21,"column":16},"end":{"line":21,"column":26}},"5":{"start":{"line":22,"column":2},"end":{"line":22,"column":39}},"6":{"start":{"line":27,"column":2},"end":{"line":27,"column":50}},"7":{"start":{"line":32,"column":15},"end":{"line":32,"column":50}},"8":{"start":{"line":35,"column":18},"end":{"line":35,"column":77}},"9":{"start":{"line":36,"column":2},"end":{"line":36,"column":47}}},"fnMap":{"0":{"name":"fileExtension","decl":{"start":{"line":18,"column":16},"end":{"line":18,"column":29}},"loc":{"start":{"line":18,"column":52},"end":{"line":23,"column":1}},"line":18},"1":{"name":"ebookKindOf","decl":{"start":{"line":26,"column":16},"end":{"line":26,"column":27}},"loc":{"start":{"line":26,"column":60},"end":{"line":28,"column":1}},"line":26},"2":{"name":"safeStorageName","decl":{"start":{"line":31,"column":16},"end":{"line":31,"column":31}},"loc":{"start":{"line":31,"column":54},"end":{"line":37,"column":1}},"line":31}},"branchMap":{"0":{"loc":{"start":{"line":19,"column":15},"end":{"line":19,"column":46}},"type":"binary-expr","locations":[{"start":{"line":19,"column":15},"end":{"line":19,"column":40}},{"start":{"line":19,"column":44},"end":{"line":19,"column":46}}],"line":19},"1":{"loc":{"start":{"line":21,"column":2},"end":{"line":21,"column":26}},"type":"if","locations":[{"start":{"line":21,"column":2},"end":{"line":21,"column":26}},{"start":{},"end":{}}],"line":21},"2":{"loc":{"start":{"line":27,"column":9},"end":{"line":27,"column":49}},"type":"binary-expr","locations":[{"start":{"line":27,"column":9},"end":{"line":27,"column":41}},{"start":{"line":27,"column":45},"end":{"line":27,"column":49}}],"line":27},"3":{"loc":{"start":{"line":32,"column":15},"end":{"line":32,"column":50}},"type":"binary-expr","locations":[{"start":{"line":32,"column":15},"end":{"line":32,"column":40}},{"start":{"line":32,"column":44},"end":{"line":32,"column":50}}],"line":32},"4":{"loc":{"start":{"line":36,"column":9},"end":{"line":36,"column":46}},"type":"cond-expr","locations":[{"start":{"line":36,"column":30},"end":{"line":36,"column":37}},{"start":{"line":36,"column":40},"end":{"line":36,"column":46}}],"line":36}},"s":{"0":2,"1":15,"2":15,"3":15,"4":5,"5":10,"6":7,"7":10,"8":10,"9":10},"f":{"0":15,"1":7,"2":10},"b":{"0":[15,0],"1":[5,10],"2":[7,4],"3":[10,0],"4":[8,2]},"_coverageSchema":"1a1c01bbd47fc00a2c39e90264f33305004495a9","hash":"5a1423dc041e940f428370fdc6dcea0af30626bb"}
,"C:\\Users\\hpc09\\Desktop\\Projects\\book-app\\bookbrain\\services\\importBook.ts": {"path":"C:\\Users\\hpc09\\Desktop\\Projects\\book-app\\bookbrain\\services\\importBook.ts","statementMap":{"0":{"start":{"line":22,"column":2},"end":{"line":22,"column":81}},"1":{"start":{"line":31,"column":17},"end":{"line":31,"column":47}},"2":{"start":{"line":32,"column":2},"end":{"line":32,"column":27}},"3":{"start":{"line":32,"column":15},"end":{"line":32,"column":27}},"4":{"start":{"line":33,"column":2},"end":{"line":35,"column":3}},"5":{"start":{"line":34,"column":4},"end":{"line":34,"column":88}},"6":{"start":{"line":37,"column":16},"end":{"line":37,"column":46}},"7":{"start":{"line":38,"column":17},"end":{"line":38,"column":43}},"8":{"start":{"line":40,"column":2},"end":{"line":45,"column":3}},"9":{"start":{"line":41,"column":21},"end":{"line":41,"column":54}},"10":{"start":{"line":42,"column":4},"end":{"line":44,"column":5}},"11":{"start":{"line":43,"column":6},"end":{"line":43,"column":66}},"12":{"start":{"line":47,"column":19},"end":{"line":50,"column":3}},"13":{"start":{"line":51,"column":17},"end":{"line":51,"column":41}},"14":{"start":{"line":53,"column":2},"end":{"line":57,"column":4}},"15":{"start":{"line":59,"column":2},"end":{"line":65,"column":5}},"16":{"start":{"line":67,"column":2},"end":{"line":67,"column":45}},"17":{"start":{"line":72,"column":14},"end":{"line":72,"column":42}},"18":{"start":{"line":73,"column":2},"end":{"line":73,"column":43}},"19":{"start":{"line":73,"column":22},"end":{"line":73,"column":43}},"20":{"start":{"line":74,"column":2},"end":{"line":74,"column":29}}},"fnMap":{"0":{"name":"titleFromFileName","decl":{"start":{"line":21,"column":9},"end":{"line":21,"column":26}},"loc":{"start":{"line":21,"column":49},"end":{"line":23,"column":1}},"line":21},"1":{"name":"importBookFromDevice","decl":{"start":{"line":30,"column":22},"end":{"line":30,"column":42}},"loc":{"start":{"line":30,"column":75},"end":{"line":68,"column":1}},"line":30},"2":{"name":"resolveBookSource","decl":{"start":{"line":71,"column":22},"end":{"line":71,"column":39}},"loc":{"start":{"line":71,"column":80},"end":{"line":75,"column":1}},"line":71}},"branchMap":{"0":{"loc":{"start":{"line":22,"column":9},"end":{"line":22,"column":80}},"type":"binary-expr","locations":[{"start":{"line":22,"column":9},"end":{"line":22,"column":66}},{"start":{"line":22,"column":70},"end":{"line":22,"column":80}}],"line":22},"1":{"loc":{"start":{"line":32,"column":2},"end":{"line":32,"column":27}},"type":"if","locations":[{"start":{"line":32,"column":2},"end":{"line":32,"column":27}},{"start":{},"end":{}}],"line":32},"2":{"loc":{"start":{"line":33,"column":2},"end":{"line":35,"column":3}},"type":"if","locations":[{"start":{"line":33,"column":2},"end":{"line":35,"column":3}},{"start":{},"end":{}}],"line":33},"3":{"loc":{"start":{"line":40,"column":2},"end":{"line":45,"column":3}},"type":"if","locations":[{"start":{"line":40,"column":2},"end":{"line":45,"column":3}},{"start":{},"end":{}}],"line":40},"4":{"loc":{"start":{"line":42,"column":4},"end":{"line":44,"column":5}},"type":"if","locations":[{"start":{"line":42,"column":4},"end":{"line":44,"column":5}},{"start":{},"end":{}}],"line":42},"5":{"loc":{"start":{"line":63,"column":15},"end":{"line":63,"column":50}},"type":"binary-expr","locations":[{"start":{"line":63,"column":15},"end":{"line":63,"column":27}},{"start":{"line":63,"column":31},"end":{"line":63,"column":42}},{"start":{"line":63,"column":46},"end":{"line":63,"column":50}}],"line":63},"6":{"loc":{"start":{"line":64,"column":18},"end":{"line":64,"column":38}},"type":"binary-expr","locations":[{"start":{"line":64,"column":18},"end":{"line":64,"column":30}},{"start":{"line":64,"column":34},"end":{"line":64,"column":38}}],"line":64},"7":{"loc":{"start":{"line":73,"column":2},"end":{"line":73,"column":43}},"type":"if","locations":[{"start":{"line":73,"column":2},"end":{"line":73,"column":43}},{"start":{},"end":{}}],"line":73}},"s":{"0":3,"1":5,"2":5,"3":1,"4":4,"5":1,"6":3,"7":3,"8":3,"9":3,"10":3,"11":1,"12":2,"13":2,"14":2,"15":2,"16":2,"17":3,"18":3,"19":1,"20":2},"f":{"0":3,"1":5,"2":3},"b":{"0":[3,0],"1":[1,4],"2":[1,3],"3":[3,0],"4":[1,2],"5":[2,0,0],"6":[2,0],"7":[1,2]},"_coverageSchema":"1a1c01bbd47fc00a2c39e90264f33305004495a9","hash":"225c8660a4f70e44f82c8c9f330519d0dbec2e99"}
}
