TN:
SF:features\reader\readerHtml.ts
FN:30,buildReaderHtml
FNF:1
FNH:1
FNDA:1,buildReaderHtml
DA:15,1
DA:23,1
DA:35,1
DA:36,1
DA:37,1
DA:38,1
DA:40,1
LF:7
LH:7
BRDA:36,0,0,0
BRDA:36,0,1,1
BRF:2
BRH:1
end_of_record
TN:
SF:services\bookFiles.ts
FN:21,getFileForBook
FN:30,findFileByHash
FN:39,insertBookFile
FN:54,isRemotePath
FNF:4
FNH:4
FNDA:11,getFileForBook
FNDA:3,findFileByHash
FNDA:8,insertBookFile
FNDA:7,isRemotePath
DA:24,11
DA:33,3
DA:46,8
DA:55,7
LF:4
LH:4
BRF:0
BRH:0
end_of_record
TN:
SF:services\contentHash.ts
FN:22,composeHashInput
FN:41,hashFile
FNF:2
FNH:2
FNDA:10,composeHashInput
FNDA:8,hashFile
DA:19,1
DA:27,10
DA:42,8
DA:43,8
DA:44,6
DA:46,6
DA:52,6
DA:53,6
DA:54,2
DA:55,2
DA:62,6
DA:66,6
LF:12
LH:12
BRDA:43,0,0,2
BRDA:43,0,1,6
BRDA:43,1,0,8
BRDA:43,1,1,7
BRDA:44,2,0,6
BRDA:44,2,1,0
BRDA:53,3,0,2
BRDA:53,3,1,4
BRF:8
BRH:7
end_of_record
TN:
SF:services\epubPathsMigration.ts
FN:45,isDone
FN:53,markDone
FN:60,readMap
FN:69,removeKey
FN:75,bookExists
FN:84,ensureInBooksDir
FN:94,migrateEntry
FN:151,migrateEpubPaths
FNF:8
FNH:8
FNDA:11,isDone
FNDA:9,markDone
FNDA:20,readMap
FNDA:10,removeKey
FNDA:9,bookExists
FNDA:5,ensureInBooksDir
FNDA:9,migrateEntry
FNDA:11,migrateEpubPaths
DA:31,1
DA:32,1
DA:46,11
DA:50,11
DA:54,9
DA:61,20
DA:62,20
DA:63,20
DA:65,0
DA:70,10
DA:71,10
DA:72,10
DA:76,9
DA:80,9
DA:85,5
DA:86,5
DA:87,4
DA:88,4
DA:89,4
DA:90,4
DA:91,3
DA:99,9
DA:100,1
DA:101,1
DA:104,8
DA:105,1
DA:106,1
DA:109,7
DA:111,1
DA:118,1
DA:119,1
DA:122,6
DA:123,6
DA:124,5
DA:125,4
DA:126,4
DA:133,4
DA:136,1
DA:143,1
DA:152,11
DA:161,11
DA:162,1
DA:163,1
DA:166,10
DA:167,10
DA:168,11
DA:169,11
DA:170,11
DA:171,2
DA:173,9
DA:175,10
DA:177,1
DA:181,10
DA:182,9
DA:184,10
LF:55
LH:54
BRDA:63,0,0,19
BRDA:63,0,1,1
BRDA:86,1,0,1
BRDA:86,1,1,4
BRDA:88,2,0,4
BRDA:88,2,1,0
BRDA:99,3,0,1
BRDA:99,3,1,8
BRDA:104,4,0,1
BRDA:104,4,1,7
BRDA:109,5,0,1
BRDA:109,5,1,6
BRDA:123,6,0,5
BRDA:123,6,1,1
BRDA:123,7,0,6
BRDA:123,7,1,5
BRDA:130,8,0,4
BRDA:130,8,1,0
BRDA:131,9,0,4
BRDA:131,9,1,0
BRDA:161,10,0,1
BRDA:161,10,1,10
BRDA:170,11,0,2
BRDA:170,11,1,9
BRDA:170,12,0,11
BRDA:170,12,1,10
BRDA:170,12,2,10
BRDA:181,13,0,9
BRDA:181,13,1,1
BRF:29
BRH:26
end_of_record
TN:
SF:services\fileValidation.ts
FN:18,fileExtension
FN:26,ebookKindOf
FN:31,safeStorageName
FNF:3
FNH:3
FNDA:15,fileExtension
FNDA:7,ebookKindOf
FNDA:10,safeStorageName
DA:12,2
DA:19,15
DA:20,15
DA:21,15
DA:22,10
DA:27,7
DA:32,10
DA:35,10
DA:36,10
LF:9
LH:9
BRDA:19,0,0,15
BRDA:19,0,1,0
BRDA:21,1,0,5
BRDA:21,1,1,10
BRDA:27,2,0,7
BRDA:27,2,1,4
BRDA:32,3,0,10
BRDA:32,3,1,0
BRDA:36,4,0,8
BRDA:36,4,1,2
BRF:10
BRH:8
end_of_record
TN:
SF:services\importBook.ts
FN:21,titleFromFileName
FN:30,importBookFromDevice
FN:71,resolveBookSource
FNF:3
FNH:3
FNDA:3,titleFromFileName
FNDA:5,importBookFromDevice
FNDA:3,resolveBookSource
DA:22,3
DA:31,5
DA:32,5
DA:33,4
DA:34,1
DA:37,3
DA:38,3
DA:40,3
DA:41,3
DA:42,3
DA:43,1
DA:47,2
DA:51,2
DA:53,2
DA:59,2
DA:67,2
DA:72,3
DA:73,3
DA:74,2
LF:19
LH:19
BRDA:22,0,0,3
BRDA:22,0,1,0
BRDA:32,1,0,1
BRDA:32,1,1,4
BRDA:33,2,0,1
BRDA:33,2,1,3
BRDA:40,3,0,3
BRDA:40,3,1,0
BRDA:42,4,0,1
BRDA:42,4,1,2
BRDA:63,5,0,2
BRDA:63,5,1,0
BRDA:63,5,2,0
BRDA:64,6,0,2
BRDA:64,6,1,0
BRDA:73,7,0,1
BRDA:73,7,1,2
BRF:17
BRH:12
end_of_record
